[debug] LAY_ITEM created top level lay_item: id = 0
[debug] LAY_ITEM created top level lay_item: id = 0
[debug] Layout lay_item failed to set contain: layout_item is null
[debug] Layout lay_item failed to set contain: layout_item is null
[debug] LAY_ITEM created top level lay_item: id = 0
[debug] textwidget set_text(  _____ _____        _____ ______   _______ _____            _____  ______ _____   _____ 
 / ____|  __ \ /\   / ____|  ____| |__   __|  __ \     /\   |  __ \|  ____|  __ \ / ____|
| (___ | |__) /  \ | |    | |__       | |  | |__) |   /  \  | |  | | |__  | |__) | (___  
 \___ \|  ___/ /\ \| |    |  __|      | |  |  _  /   / /\ \ | |  | |  __| |  _  / \___ \ 
 ____) | |  / ____ \ |____| |____     | |  | | \ \  / ____ \| |__| | |____| | \ \ ____) |
|_____/|_| /_/    \_\_____|______|    |_|  |_|  \_\/_/    \_\_____/|______|_|  \_\_____/ ) resized(6,90)
[debug] LAY_ITEM deleting lay_item: id = 0
[debug] LAY_ITEM destroyed context: id = 0
[debug] LAY_ITEM created sub level lay_item: id = 1
[debug] invalidate() MainMenu
[debug] invalidate() main_menu_title
[debug] Layout lay_item failed to set contain: layout_item is null
[debug] Layout lay_item failed to set contain: layout_item is null
[debug] LAY_ITEM created top level lay_item: id = 0
[debug] textwidget set_text(A cute little space game) resized(1,25)
[debug] LAY_ITEM deleting lay_item: id = 0
[debug] LAY_ITEM destroyed context: id = 0
[debug] LAY_ITEM created sub level lay_item: id = 2
[debug] invalidate() MainMenu
[debug] invalidate() main_menu_title
[debug] invalidate() main_menu_desc
[debug] Layout lay_item failed to set contain: layout_item is null
[debug] Layout lay_item failed to set contain: layout_item is null
[debug] LAY_ITEM created top level lay_item: id = 0
[debug] Layout lay_item failed to set contain: layout_item is null
[debug] Layout lay_item failed to set contain: layout_item is null
[debug] LAY_ITEM created top level lay_item: id = 0
[debug] listwidget resized(10,25)
[debug] listwidget resized(10,25)
[debug] LAY_ITEM deleting lay_item: id = 0
[debug] LAY_ITEM destroyed context: id = 0
[debug] LAY_ITEM created sub level lay_item: id = 3
[debug] invalidate() MainMenu
[debug] invalidate() main_menu_title
[debug] invalidate() main_menu_desc
[debug] invalidate() user_list
[debug] LAY_ITEM deleting lay_item: id = 1
[debug] LAY_ITEM deleting lay_item: id = 2
[debug] LAY_ITEM deleting lay_item: id = 3
[debug] LAY_ITEM deleting lay_item: id = 0
[debug] LAY_ITEM destroyed context: id = 0
[debug] LAY_ITEM created sub level lay_item: id = 1
[debug] LAY_ITEM created sub level lay_item: id = 2
[debug] LAY_ITEM created sub level lay_item: id = 3
[debug] LAY_ITEM created sub level lay_item: id = 4
[debug] invalidate() SpaceTraders TUI
[debug] invalidate() MainMenu
[debug] invalidate() main_menu_title
[debug] invalidate() main_menu_desc
[debug] invalidate() user_list
[debug] Tried to set focus on SpaceTraders TUI but focus policy is NO_FOCUS
[debug] redraw SpaceTraders TUI
[debug] textwidget draw(  _____ _____        _____ ______   _______ _____            _____  ______ _____   _____ 
 / ____|  __ \ /\   / ____|  ____| |__   __|  __ \     /\   |  __ \|  ____|  __ \ / ____|
| (___ | |__) /  \ | |    | |__       | |  | |__) |   /  \  | |  | | |__  | |__) | (___  
 \___ \|  ___/ /\ \| |    |  __|      | |  |  _  /   / /\ \ | |  | |  __| |  _  / \___ \ 
 ____) | |  / ____ \ |____| |____     | |  | | \ \  / ____ \| |__| | |____| | \ \ ____) |
|_____/|_| /_/    \_\_____|______|    |_|  |_|  \_\/_/    \_\_____/|______|_|  \_\_____/ ) plane_dim_yx(6,90) align=32, x=0
[debug] textwidget draw(A cute little space game) plane_dim_yx(1,25) align=0, x=0
[debug] redraw MainMenu
[debug] textwidget draw(  _____ _____        _____ ______   _______ _____            _____  ______ _____   _____ 
 / ____|  __ \ /\   / ____|  ____| |__   __|  __ \     /\   |  __ \|  ____|  __ \ / ____|
| (___ | |__) /  \ | |    | |__       | |  | |__) |   /  \  | |  | | |__  | |__) | (___  
 \___ \|  ___/ /\ \| |    |  __|      | |  |  _  /   / /\ \ | |  | |  __| |  _  / \___ \ 
 ____) | |  / ____ \ |____| |____     | |  | | \ \  / ____ \| |__| | |____| | \ \ ____) |
|_____/|_| /_/    \_\_____|______|    |_|  |_|  \_\/_/    \_\_____/|______|_|  \_\_____/ ) plane_dim_yx(6,90) align=32, x=0
[debug] textwidget draw(A cute little space game) plane_dim_yx(1,25) align=0, x=0
[debug] redraw main_menu_title
[debug] textwidget draw(  _____ _____        _____ ______   _______ _____            _____  ______ _____   _____ 
 / ____|  __ \ /\   / ____|  ____| |__   __|  __ \     /\   |  __ \|  ____|  __ \ / ____|
| (___ | |__) /  \ | |    | |__       | |  | |__) |   /  \  | |  | | |__  | |__) | (___  
 \___ \|  ___/ /\ \| |    |  __|      | |  |  _  /   / /\ \ | |  | |  __| |  _  / \___ \ 
 ____) | |  / ____ \ |____| |____     | |  | | \ \  / ____ \| |__| | |____| | \ \ ____) |
|_____/|_| /_/    \_\_____|______|    |_|  |_|  \_\/_/    \_\_____/|______|_|  \_\_____/ ) plane_dim_yx(6,90) align=32, x=0
[debug] redraw main_menu_desc
[debug] textwidget draw(A cute little space game) plane_dim_yx(1,25) align=0, x=0
[debug] redraw user_list
[debug] redraw (no_name)
[debug] LAY_ITEM deleting lay_item: id = 2
[debug] LAY_ITEM deleting lay_item: id = 3
[debug] LAY_ITEM deleting lay_item: id = 4
[debug] LAY_ITEM deleting lay_item: id = 1
[debug] LAY_ITEM created top level lay_item: id = 0
[debug] LAY_ITEM created sub level lay_item: id = 1
[debug] LAY_ITEM created sub level lay_item: id = 2
[debug] LAY_ITEM created sub level lay_item: id = 3
[debug] LAY_ITEM deleting lay_item: id = 0
[debug] LAY_ITEM destroyed context: id = 0
[debug] LAY_ITEM created top level lay_item: id = 0
[debug] invalidate() SpaceTraders TUI
[debug] Layout lay_item failed to set contain: layout_item is null
[debug] Layout lay_item failed to set contain: layout_item is null
[debug] LAY_ITEM created top level lay_item: id = 0
[debug] Layout lay_item failed to set contain: layout_item is null
[debug] Layout lay_item failed to set contain: layout_item is null
[debug] LAY_ITEM created top level lay_item: id = 0
[debug] Layout lay_item failed to set contain: layout_item is null
[debug] Layout lay_item failed to set contain: layout_item is null
[debug] LAY_ITEM created top level lay_item: id = 0
[debug] LAY_ITEM created top level lay_item: id = 0
[debug] Layout lay_item failed to set contain: layout_item is null
[debug] Layout lay_item failed to set contain: layout_item is null
[debug] LAY_ITEM created top level lay_item: id = 0
[debug] Layout lay_item failed to set contain: layout_item is null
[debug] Layout lay_item failed to set contain: layout_item is null
[debug] LAY_ITEM created top level lay_item: id = 0
[debug] Layout lay_item failed to set contain: layout_item is null
[debug] Layout lay_item failed to set contain: layout_item is null
[debug] LAY_ITEM created top level lay_item: id = 0
[debug] Layout lay_item failed to set contain: layout_item is null
[debug] Layout lay_item failed to set contain: layout_item is null
[debug] LAY_ITEM created top level lay_item: id = 0
[debug] Layout lay_item failed to set contain: layout_item is null
[debug] Layout lay_item failed to set contain: layout_item is null
[debug] LAY_ITEM created top level lay_item: id = 0
[debug] Layout lay_item failed to set contain: layout_item is null
[debug] Layout lay_item failed to set contain: layout_item is null
[debug] LAY_ITEM created top level lay_item: id = 0
[debug] Layout lay_item failed to set contain: layout_item is null
[debug] Layout lay_item failed to set contain: layout_item is null
[debug] LAY_ITEM created top level lay_item: id = 0
[debug] Layout lay_item failed to set contain: layout_item is null
[debug] Layout lay_item failed to set contain: layout_item is null
[debug] LAY_ITEM created top level lay_item: id = 0
[debug] Layout lay_item failed to set contain: layout_item is null
[debug] Layout lay_item failed to set contain: layout_item is null
[debug] LAY_ITEM created top level lay_item: id = 0
[debug] LAY_ITEM deleting lay_item: id = 0
[debug] LAY_ITEM destroyed context: id = 0
[debug] LAY_ITEM created sub level lay_item: id = 1
[debug] invalidate() (no_name)
[debug] invalidate() (no_name)
[debug] Layout lay_item failed to set contain: layout_item is null
[debug] Layout lay_item failed to set contain: layout_item is null
[debug] LAY_ITEM created top level lay_item: id = 0
[debug] textwidget set_text(SHIPNAME) resized(1,9)
[debug] Layout lay_item failed to set contain: layout_item is null
[debug] Layout lay_item failed to set contain: layout_item is null
[debug] LAY_ITEM created top level lay_item: id = 0
[debug] textwidget set_text(FACTION) resized(1,8)
[debug] Layout lay_item failed to set contain: layout_item is null
[debug] Layout lay_item failed to set contain: layout_item is null
[debug] LAY_ITEM created top level lay_item: id = 0
[debug] textwidget set_text(ROLE) resized(1,5)
[debug] LAY_ITEM deleting lay_item: id = 0
[debug] LAY_ITEM destroyed context: id = 0
[debug] LAY_ITEM created sub level lay_item: id = 2
[debug] invalidate() (no_name)
[debug] invalidate() (no_name)
[debug] LAY_ITEM deleting lay_item: id = 0
[debug] LAY_ITEM destroyed context: id = 0
[debug] LAY_ITEM created sub level lay_item: id = 3
[debug] invalidate() (no_name)
[debug] invalidate() (no_name)
[debug] invalidate() (no_name)
[debug] LAY_ITEM deleting lay_item: id = 0
[debug] LAY_ITEM destroyed context: id = 0
[debug] LAY_ITEM created sub level lay_item: id = 4
[debug] invalidate() (no_name)
[debug] invalidate() (no_name)
[debug] invalidate() (no_name)
[debug] invalidate() (no_name)
[debug] LAY_ITEM deleting lay_item: id = 2
[debug] LAY_ITEM deleting lay_item: id = 3
[debug] LAY_ITEM deleting lay_item: id = 4
[debug] LAY_ITEM deleting lay_item: id = 1
[debug] LAY_ITEM deleting lay_item: id = 0
[debug] LAY_ITEM destroyed context: id = 0
[debug] LAY_ITEM created sub level lay_item: id = 1
[debug] LAY_ITEM created sub level lay_item: id = 2
[debug] LAY_ITEM created sub level lay_item: id = 3
[debug] LAY_ITEM created sub level lay_item: id = 4
[debug] LAY_ITEM created sub level lay_item: id = 5
[debug] invalidate() (no_name)
[debug] invalidate() (no_name)
[debug] invalidate() (no_name)
[debug] invalidate() (no_name)
[debug] invalidate() (no_name)
[debug] invalidate() (no_name)
[debug] Layout lay_item failed to set contain: layout_item is null
[debug] Layout lay_item failed to set contain: layout_item is null
[debug] LAY_ITEM created top level lay_item: id = 0
[debug] Layout lay_item failed to set contain: layout_item is null
[debug] Layout lay_item failed to set contain: layout_item is null
[debug] LAY_ITEM created top level lay_item: id = 0
[debug] Layout lay_item failed to set contain: layout_item is null
[debug] Layout lay_item failed to set contain: layout_item is null
[debug] LAY_ITEM created top level lay_item: id = 0
[debug] Layout lay_item failed to set contain: layout_item is null
[debug] Layout lay_item failed to set contain: layout_item is null
[debug] LAY_ITEM created top level lay_item: id = 0
[debug] Layout lay_item failed to set contain: layout_item is null
[debug] Layout lay_item failed to set contain: layout_item is null
[debug] LAY_ITEM created top level lay_item: id = 0
[debug] Layout lay_item failed to set contain: layout_item is null
[debug] Layout lay_item failed to set contain: layout_item is null
[debug] LAY_ITEM created top level lay_item: id = 0
[debug] Layout lay_item failed to set contain: layout_item is null
[debug] Layout lay_item failed to set contain: layout_item is null
[debug] LAY_ITEM created top level lay_item: id = 0
[debug] Layout lay_item failed to set contain: layout_item is null
[debug] Layout lay_item failed to set contain: layout_item is null
[debug] LAY_ITEM created top level lay_item: id = 0
[debug] Layout lay_item failed to set contain: layout_item is null
[debug] Layout lay_item failed to set contain: layout_item is null
[debug] LAY_ITEM created top level lay_item: id = 0
[debug] Layout lay_item failed to set contain: layout_item is null
[debug] Layout lay_item failed to set contain: layout_item is null
[debug] LAY_ITEM created top level lay_item: id = 0
[debug] LAY_ITEM deleting lay_item: id = 0
[debug] LAY_ITEM destroyed context: id = 0
[debug] LAY_ITEM created sub level lay_item: id = 1
[debug] invalidate() (no_name)
[debug] invalidate() available ships list
[debug] LAY_ITEM deleting lay_item: id = 0
[debug] LAY_ITEM destroyed context: id = 0
[debug] LAY_ITEM created sub level lay_item: id = 2
[debug] invalidate() (no_name)
[debug] invalidate() available ships list
[debug] invalidate() (no_name)
[debug] Layout lay_item failed to set contain: layout_item is null
[debug] Layout lay_item failed to set contain: layout_item is null
[debug] LAY_ITEM created top level lay_item: id = 0
[debug] Layout lay_item failed to set contain: layout_item is null
[debug] Layout lay_item failed to set contain: layout_item is null
[debug] LAY_ITEM created top level lay_item: id = 0
[debug] Layout lay_item failed to set contain: layout_item is null
[debug] Layout lay_item failed to set contain: layout_item is null
[debug] LAY_ITEM created top level lay_item: id = 0
[debug] LAY_ITEM deleting lay_item: id = 0
[debug] LAY_ITEM destroyed context: id = 0
[debug] LAY_ITEM created sub level lay_item: id = 1
[debug] invalidate() (no_name)
[debug] invalidate() My Agent
[debug] LAY_ITEM deleting lay_item: id = 0
[debug] LAY_ITEM destroyed context: id = 0
[debug] LAY_ITEM created sub level lay_item: id = 2
[debug] invalidate() (no_name)
[debug] invalidate() My Agent
[debug] invalidate() Contracts
[debug] LAY_ITEM deleting lay_item: id = 0
[debug] LAY_ITEM destroyed context: id = 0
[debug] LAY_ITEM created sub level lay_item: id = 3
[debug] invalidate() (no_name)
[debug] invalidate() My Agent
[debug] invalidate() Contracts
[debug] invalidate() My Ships
[debug] LAY_ITEM deleting lay_item: id = 0
[debug] LAY_ITEM destroyed context: id = 0
[debug] LAY_ITEM created sub level lay_item: id = 4
[debug] invalidate() (no_name)
[debug] invalidate() My Agent
[debug] invalidate() Contracts
[debug] invalidate() My Ships
[debug] invalidate() Waypoints
[debug] LAY_ITEM deleting lay_item: id = 0
[debug] LAY_ITEM destroyed context: id = 0
[debug] LAY_ITEM created sub level lay_item: id = 5
[debug] invalidate() (no_name)
[debug] invalidate() My Agent
[debug] invalidate() Contracts
[debug] invalidate() My Ships
[debug] invalidate() Waypoints
[debug] invalidate() Shipyards
[debug] LAY_ITEM deleting lay_item: id = 0
[debug] LAY_ITEM destroyed context: id = 0
[debug] LAY_ITEM created sub level lay_item: id = 6
[debug] invalidate() (no_name)
[debug] invalidate() My Agent
[debug] invalidate() Contracts
[debug] invalidate() My Ships
[debug] invalidate() Waypoints
[debug] invalidate() Shipyards
[debug] invalidate() Event Log
[debug] LAY_ITEM created top level lay_item: id = 0
[debug] LAY_ITEM deleting lay_item: id = 0
[debug] LAY_ITEM destroyed context: id = 0
[debug] LAY_ITEM created sub level lay_item: id = 7
[debug] invalidate() (no_name)
[debug] invalidate() My Agent
[debug] invalidate() Contracts
[debug] invalidate() My Ships
[debug] invalidate() Waypoints
[debug] invalidate() Shipyards
[debug] invalidate() Event Log
[debug] invalidate() (no_name)
[debug] LAY_ITEM deleting lay_item: id = 1
[debug] LAY_ITEM deleting lay_item: id = 2
[debug] LAY_ITEM deleting lay_item: id = 3
[debug] LAY_ITEM deleting lay_item: id = 4
[debug] LAY_ITEM deleting lay_item: id = 5
[debug] LAY_ITEM deleting lay_item: id = 6
[debug] LAY_ITEM deleting lay_item: id = 7
[debug] LAY_ITEM deleting lay_item: id = 0
[debug] LAY_ITEM destroyed context: id = 0
[debug] LAY_ITEM created sub level lay_item: id = 1
[debug] LAY_ITEM created sub level lay_item: id = 2
[debug] LAY_ITEM created sub level lay_item: id = 3
[debug] LAY_ITEM created sub level lay_item: id = 4
[debug] LAY_ITEM created sub level lay_item: id = 5
[debug] LAY_ITEM created sub level lay_item: id = 6
[debug] LAY_ITEM created sub level lay_item: id = 7
[debug] LAY_ITEM created sub level lay_item: id = 8
[debug] invalidate() (no_name)
[debug] invalidate() (no_name)
[debug] invalidate() My Agent
[debug] invalidate() Contracts
[debug] invalidate() My Ships
[debug] invalidate() Waypoints
[debug] invalidate() Shipyards
[debug] invalidate() Event Log
[debug] invalidate() (no_name)
[debug] Layout lay_item failed to set contain: layout_item is null
[debug] Layout lay_item failed to set contain: layout_item is null
[debug] LAY_ITEM created top level lay_item: id = 0
[debug] LAY_ITEM deleting lay_item: id = 0
[debug] LAY_ITEM destroyed context: id = 0
[debug] LAY_ITEM created sub level lay_item: id = 9
[debug] invalidate() (no_name)
[debug] invalidate() (no_name)
[debug] invalidate() My Agent
[debug] invalidate() Contracts
[debug] invalidate() My Ships
[debug] invalidate() Waypoints
[debug] invalidate() Shipyards
[debug] invalidate() Event Log
[debug] invalidate() (no_name)
[debug] invalidate() (no_name)
[debug] LAY_ITEM deleting lay_item: id = 2
[debug] LAY_ITEM deleting lay_item: id = 3
[debug] LAY_ITEM deleting lay_item: id = 4
[debug] LAY_ITEM deleting lay_item: id = 5
[debug] LAY_ITEM deleting lay_item: id = 6
[debug] LAY_ITEM deleting lay_item: id = 7
[debug] LAY_ITEM deleting lay_item: id = 8
[debug] LAY_ITEM deleting lay_item: id = 1
[debug] LAY_ITEM deleting lay_item: id = 9
[debug] LAY_ITEM deleting lay_item: id = 0
[debug] LAY_ITEM destroyed context: id = 0
[debug] LAY_ITEM created sub level lay_item: id = 1
[debug] LAY_ITEM created sub level lay_item: id = 2
[debug] LAY_ITEM created sub level lay_item: id = 3
[debug] LAY_ITEM created sub level lay_item: id = 4
[debug] LAY_ITEM created sub level lay_item: id = 5
[debug] LAY_ITEM created sub level lay_item: id = 6
[debug] LAY_ITEM created sub level lay_item: id = 7
[debug] LAY_ITEM created sub level lay_item: id = 8
[debug] LAY_ITEM created sub level lay_item: id = 9
[debug] LAY_ITEM created sub level lay_item: id = 10
[debug] invalidate() Dashboard
[debug] invalidate() (no_name)
[debug] invalidate() (no_name)
[debug] invalidate() My Agent
[debug] invalidate() Contracts
[debug] invalidate() My Ships
[debug] invalidate() Waypoints
[debug] invalidate() Shipyards
[debug] invalidate() Event Log
[debug] invalidate() (no_name)
[debug] invalidate() (no_name)
[debug] Layout lay_item failed to set contain: layout_item is null
[debug] Layout lay_item failed to set contain: layout_item is null
[debug] LAY_ITEM created top level lay_item: id = 0
[debug] textwidget set_text(<l/h>: Next/Prev Panel, <j/k>: Scroll) resized(1,38)
[debug] LAY_ITEM deleting lay_item: id = 0
[debug] LAY_ITEM destroyed context: id = 0
[debug] LAY_ITEM created sub level lay_item: id = 11
[debug] invalidate() Dashboard
[debug] invalidate() (no_name)
[debug] invalidate() (no_name)
[debug] invalidate() My Agent
[debug] invalidate() Contracts
[debug] invalidate() My Ships
[debug] invalidate() Waypoints
[debug] invalidate() Shipyards
[debug] invalidate() Event Log
[debug] invalidate() (no_name)
[debug] invalidate() (no_name)
[debug] invalidate() (no_name)
[debug] LAY_ITEM deleting lay_item: id = 0
[debug] LAY_ITEM destroyed context: id = 0
[debug] LAY_ITEM created sub level lay_item: id = 12
[debug] invalidate() (no_name)
[debug] invalidate() (no_name)
[debug] FOCUS ON My Agent
[debug] LAY_ITEM deleting lay_item: id = 3
[debug] LAY_ITEM deleting lay_item: id = 4
[debug] LAY_ITEM deleting lay_item: id = 5
[debug] LAY_ITEM deleting lay_item: id = 6
[debug] LAY_ITEM deleting lay_item: id = 7
[debug] LAY_ITEM deleting lay_item: id = 8
[debug] LAY_ITEM deleting lay_item: id = 9
[debug] LAY_ITEM deleting lay_item: id = 2
[debug] LAY_ITEM deleting lay_item: id = 12
[debug] LAY_ITEM deleting lay_item: id = 10
[debug] LAY_ITEM deleting lay_item: id = 1
[debug] LAY_ITEM deleting lay_item: id = 11
[debug] LAY_ITEM deleting lay_item: id = 0
[debug] LAY_ITEM destroyed context: id = 0
[debug] LAY_ITEM created sub level lay_item: id = 1
[debug] LAY_ITEM created sub level lay_item: id = 2
[debug] LAY_ITEM created sub level lay_item: id = 3
[debug] LAY_ITEM created sub level lay_item: id = 4
[debug] LAY_ITEM created sub level lay_item: id = 5
[debug] LAY_ITEM created sub level lay_item: id = 6
[debug] LAY_ITEM created sub level lay_item: id = 7
[debug] LAY_ITEM created sub level lay_item: id = 8
[debug] LAY_ITEM created sub level lay_item: id = 9
[debug] LAY_ITEM created sub level lay_item: id = 10
[debug] LAY_ITEM created sub level lay_item: id = 11
[debug] LAY_ITEM created sub level lay_item: id = 12
[debug] LAY_ITEM created sub level lay_item: id = 13
[debug] invalidate() SpaceTraders TUI
[debug] invalidate() Dashboard
[debug] invalidate() (no_name)
[debug] invalidate() (no_name)
[debug] invalidate() My Agent
[debug] invalidate() Contracts
[debug] invalidate() My Ships
[debug] invalidate() Waypoints
[debug] invalidate() Shipyards
[debug] invalidate() Event Log
[debug] invalidate() (no_name)
[debug] invalidate() (no_name)
[debug] invalidate() (no_name)
[debug] invalidate() (no_name)
[debug] redraw SpaceTraders TUI
[debug] textwidget draw(<l/h>: Next/Prev Panel, <j/k>: Scroll) plane_dim_yx(1,38) align=0, x=1
[debug] redraw Dashboard
[debug] textwidget draw(<l/h>: Next/Prev Panel, <j/k>: Scroll) plane_dim_yx(1,38) align=0, x=1
[debug] redraw (no_name)
[debug] redraw (no_name)
[debug] redraw My Agent
[debug] redraw (no_name)
[debug] redraw Contracts
[debug] redraw (no_name)
[debug] redraw (no_name)
[debug] redraw My Ships
[debug] redraw (no_name)
[debug] redraw (no_name)
[debug] textwidget draw(SHIPNAME) plane_dim_yx(1,9) align=32, x=0
[debug] textwidget draw(FACTION) plane_dim_yx(1,8) align=0, x=1
[debug] textwidget draw(ROLE) plane_dim_yx(1,5) align=128, x=1
[debug] redraw (no_name)
[debug] textwidget draw(SHIPNAME) plane_dim_yx(1,9) align=32, x=0
[debug] textwidget draw(FACTION) plane_dim_yx(1,8) align=0, x=1
[debug] textwidget draw(ROLE) plane_dim_yx(1,5) align=128, x=1
[debug] redraw (no_name)
[debug] textwidget draw(SHIPNAME) plane_dim_yx(1,9) align=32, x=0
[debug] textwidget draw(FACTION) plane_dim_yx(1,8) align=0, x=1
[debug] textwidget draw(ROLE) plane_dim_yx(1,5) align=128, x=1
[debug] redraw (no_name)
[debug] textwidget draw(SHIPNAME) plane_dim_yx(1,9) align=32, x=0
[debug] redraw (no_name)
[debug] textwidget draw(FACTION) plane_dim_yx(1,8) align=0, x=1
[debug] redraw (no_name)
[debug] textwidget draw(ROLE) plane_dim_yx(1,5) align=128, x=1
[debug] redraw Waypoints
[debug] redraw (no_name)
[debug] redraw (no_name)
[debug] redraw Shipyards
[debug] redraw (no_name)
[debug] redraw (no_name)
[debug] redraw (no_name)
[debug] redraw available ships list
[debug] redraw (no_name)
[debug] redraw (no_name)
[debug] redraw (no_name)
[debug] redraw (no_name)
[debug] redraw (no_name)
[debug] redraw (no_name)
[debug] textwidget draw(<l/h>: Next/Prev Panel, <j/k>: Scroll) plane_dim_yx(1,38) align=0, x=1
[debug] redraw user_list
[debug] {"accountId":"clrjo6a1gkhk0s60cgvygl2tf","credits":177903,"headquarters":"X1-KY62-A1","shipCount":2,"startingFaction":"COSMIC","symbol":"FATHORSENIPS"}
[debug] {
	"cargo" : 
	{
		"capacity" : 40,
		"inventory" : [],
		"units" : 0
	}
	,
	"cooldown" : 
	{
		"remainingSeconds" : 0,
		"shipSymbol" : "FATHORSENIPS-1",
		"totalSeconds" : 0
	}
	,
	"crew" : 
	{
		"capacity" : 80,
		"current" : 57,
		"morale" : 100,
		"required" : 57,
		"rotation" : "STRICT",
		"wages" : 0
	}
	,
	"engine" : 
	{
		"condition" : 100,
		"description" : "An advanced propulsion system that uses ionized particles to generate high-speed,
		 low-thrust acceleration,
		 with improved efficiency and performance.",
		"name" : "Ion Drive II",
		"requirements" : 
		{
			"crew" : 8,
			"power" : 6
		}
		,
		"speed" : 30,
		"symbol" : "ENGINE_ION_DRIVE_II"
	}
	,
	"frame" : 
	{
		"condition" : 100,
		"description" : "A medium-sized,
		 multi-purpose spacecraft,
		 often used for combat,
		 transport,
		 or support operations.",
		"fuelCapacity" : 400,
		"moduleSlots" : 8,
		"mountingPoints" : 5,
		"name" : "Frigate",
		"requirements" : 
		{
			"crew" : 25,
			"power" : 8
		}
		,
		"symbol" : "FRAME_FRIGATE"
	}
	,
	"fuel" : 
	{
		"capacity" : 400,
		"consumed" : 
		{
			"amount" : 0,
			"timestamp" : "2024-01-18T20 : 33 : 50.322Z"
		}
		,
		"current" : 400
	}
	,
	"modules" : [
	{
		"capacity" : 40,
		"description" : "An expanded cargo hold module that provides more efficient storage space for a ship's cargo.",
		"name" : "Expanded Cargo Hold",
		"requirements" : 
		{
			"crew" : 2,
			"power" : 2,
			"slots" : 2
		}
		,
		"symbol" : "MODULE_CARGO_HOLD_II"
	}
	,
	
	{
		"capacity" : 40,
		"description" : "A module that provides living space and amenities for the crew.",
		"name" : "Crew Quarters",
		"requirements" : 
		{
			"crew" : 2,
			"power" : 1,
			"slots" : 1
		}
		,
		"symbol" : "MODULE_CREW_QUARTERS_I"
	}
	,
	
	{
		"capacity" : 40,
		"description" : "A module that provides living space and amenities for the crew.",
		"name" : "Crew Quarters",
		"requirements" : 
		{
			"crew" : 2,
			"power" : 1,
			"slots" : 1
		}
		,
		"symbol" : "MODULE_CREW_QUARTERS_I"
	}
	,
	
	{
		"description" : "Crushes and processes extracted minerals and ores into their component parts,
		 filters out impurities,
		 and containerizes them into raw storage units.",
		"name" : "Mineral Processor",
		"requirements" : 
		{
			"crew" : 0,
			"power" : 1,
			"slots" : 2
		}
		,
		"symbol" : "MODULE_MINERAL_PROCESSOR_I"
	}
	,
	
	{
		"description" : "Filters and processes extracted gases into their component parts,
		 filters out impurities,
		 and containerizes them into raw storage units.",
		"name" : "Gas Processor",
		"requirements" : 
		{
			"crew" : 0,
			"power" : 1,
			"slots" : 2
		}
		,
		"symbol" : "MODULE_GAS_PROCESSOR_I"
	}
	],
	"mounts" : [
	{
		"description" : "An advanced sensor array that improves a ship's ability to detect and track other objects in space with greater accuracy and range.",
		"name" : "Sensor Array II",
		"requirements" : 
		{
			"crew" : 2,
			"power" : 2
		}
		,
		"strength" : 4,
		"symbol" : "MOUNT_SENSOR_ARRAY_II"
	}
	,
	
	{
		"description" : "An advanced gas siphon that can extract gas from gas giants and other gas-rich bodies more efficiently and at a higher rate.",
		"name" : "Gas Siphon II",
		"requirements" : 
		{
			"crew" : 2,
			"power" : 2
		}
		,
		"strength" : 20,
		"symbol" : "MOUNT_GAS_SIPHON_II"
	}
	,
	
	{
		"description" : "An advanced mining laser that is more efficient and effective at extracting valuable minerals from asteroids and other space objects.",
		"name" : "Mining Laser II",
		"requirements" : 
		{
			"crew" : 2,
			"power" : 2
		}
		,
		"strength" : 5,
		"symbol" : "MOUNT_MINING_LASER_II"
	}
	,
	
	{
		"deposits" : ["QUARTZ_SAND",
		"SILICON_CRYSTALS",
		"PRECIOUS_STONES",
		"ICE_WATER",
		"AMMONIA_ICE",
		"IRON_ORE",
		"COPPER_ORE",
		"SILVER_ORE",
		"ALUMINUM_ORE",
		"GOLD_ORE",
		"PLATINUM_ORE",
		"DIAMONDS",
		"URANITE_ORE"],
		"description" : "An advanced survey probe that can be used to gather information about a mineral deposit with greater accuracy.",
		"name" : "Surveyor II",
		"requirements" : 
		{
			"crew" : 4,
			"power" : 3
		}
		,
		"strength" : 2,
		"symbol" : "MOUNT_SURVEYOR_II"
	}
	],
	"nav" : 
	{
		"flightMode" : "CRUISE",
		"route" : 
		{
			"arrival" : "2024-01-18T20 : 33 : 50.322Z",
			"departureTime" : "2024-01-18T20 : 33 : 50.322Z",
			"destination" : 
			{
				"symbol" : "X1-KY62-A1",
				"systemSymbol" : "X1-KY62",
				"type" : "PLANET",
				"x" : 26,
				"y" : -3
			}
			,
			"origin" : 
			{
				"symbol" : "X1-KY62-A1",
				"systemSymbol" : "X1-KY62",
				"type" : "PLANET",
				"x" : 26,
				"y" : -3
			}
			
		}
		,
		"status" : "DOCKED",
		"systemSymbol" : "X1-KY62",
		"waypointSymbol" : "X1-KY62-A1"
	}
	,
	"reactor" : 
	{
		"condition" : 100,
		"description" : "A basic fission power reactor,
		 used to generate electricity from nuclear fission reactions.",
		"name" : "Fission Reactor I",
		"powerOutput" : 31,
		"requirements" : 
		{
			"crew" : 8
		}
		,
		"symbol" : "REACTOR_FISSION_I"
	}
	,
	"registration" : 
	{
		"factionSymbol" : "COSMIC",
		"name" : "FATHORSENIPS-1",
		"role" : "COMMAND"
	}
	,
	"symbol" : "FATHORSENIPS-1"
}

[debug] textwidget set_text(FATHORSENIPS-1) resized(1,15)
[debug] textwidget set_text(COMMAND) resized(1,8)
[debug] textwidget set_text(COSMIC) resized(1,7)
[debug] Layout lay_item failed to set contain: layout_item is null
[debug] Layout lay_item failed to set contain: layout_item is null
[debug] LAY_ITEM created top level lay_item: id = 0
[debug] Layout lay_item failed to set contain: layout_item is null
[debug] Layout lay_item failed to set contain: layout_item is null
[debug] LAY_ITEM created top level lay_item: id = 0
[debug] Layout lay_item failed to set contain: layout_item is null
[debug] Layout lay_item failed to set contain: layout_item is null
[debug] LAY_ITEM created top level lay_item: id = 0
[debug] Layout lay_item failed to set contain: layout_item is null
[debug] Layout lay_item failed to set contain: layout_item is null
[debug] LAY_ITEM created top level lay_item: id = 0
[debug] Layout lay_item failed to set contain: layout_item is null
[debug] Layout lay_item failed to set contain: layout_item is null
[debug] LAY_ITEM created top level lay_item: id = 0
[debug] textwidget set_text(Frigate) resized(1,8)
[debug] Layout lay_item failed to set contain: layout_item is null
[debug] Layout lay_item failed to set contain: layout_item is null
[debug] LAY_ITEM created top level lay_item: id = 0
[debug] textwidget set_text(A medium-sized, multi-purpose spacecraft, often used for combat, transport, or support operations.) resized(1,99)
[debug] Layout lay_item failed to set contain: layout_item is null
[debug] Layout lay_item failed to set contain: layout_item is null
[debug] LAY_ITEM created top level lay_item: id = 0
[debug] textwidget set_text(condition: 100) resized(1,15)
[debug] Layout lay_item failed to set contain: layout_item is null
[debug] Layout lay_item failed to set contain: layout_item is null
[debug] LAY_ITEM created top level lay_item: id = 0
[debug] textwidget set_text(fuel capacity: 400) resized(1,19)
[debug] Layout lay_item failed to set contain: layout_item is null
[debug] Layout lay_item failed to set contain: layout_item is null
[debug] LAY_ITEM created top level lay_item: id = 0
[debug] textwidget set_text(module slots: 8) resized(1,16)
[debug] Layout lay_item failed to set contain: layout_item is null
[debug] Layout lay_item failed to set contain: layout_item is null
[debug] LAY_ITEM created top level lay_item: id = 0
[debug] Layout lay_item failed to set contain: layout_item is null
[debug] Layout lay_item failed to set contain: layout_item is null
[debug] LAY_ITEM created top level lay_item: id = 0
[debug] Layout lay_item failed to set contain: layout_item is null
[debug] Layout lay_item failed to set contain: layout_item is null
[debug] LAY_ITEM created top level lay_item: id = 0
[debug] textwidget set_text(crew: 25) resized(1,9)
[debug] LAY_ITEM deleting lay_item: id = 0
[debug] LAY_ITEM destroyed context: id = 0
[debug] LAY_ITEM created sub level lay_item: id = 1
[debug] invalidate() (no_name)
[debug] invalidate() (no_name)
[debug] Layout lay_item failed to set contain: layout_item is null
[debug] Layout lay_item failed to set contain: layout_item is null
[debug] LAY_ITEM created top level lay_item: id = 0
[debug] textwidget set_text(speed: 8) resized(1,9)
[debug] LAY_ITEM deleting lay_item: id = 0
[debug] LAY_ITEM destroyed context: id = 0
[debug] LAY_ITEM created sub level lay_item: id = 2
[debug] invalidate() (no_name)
[debug] invalidate() (no_name)
[debug] invalidate() (no_name)
[debug] LAY_ITEM deleting lay_item: id = 1
[debug] LAY_ITEM deleting lay_item: id = 2
[debug] LAY_ITEM deleting lay_item: id = 0
[debug] LAY_ITEM destroyed context: id = 0
[debug] LAY_ITEM created sub level lay_item: id = 1
[debug] LAY_ITEM created sub level lay_item: id = 2
[debug] LAY_ITEM created sub level lay_item: id = 3
[debug] invalidate() (no_name)
[debug] invalidate() (no_name)
[debug] invalidate() (no_name)
[debug] invalidate() (no_name)
[debug] LAY_ITEM deleting lay_item: id = 0
[debug] LAY_ITEM destroyed context: id = 0
[debug] LAY_ITEM created sub level lay_item: id = 1
[debug] invalidate() (no_name)
[debug] invalidate() (no_name)
[debug] LAY_ITEM deleting lay_item: id = 0
[debug] LAY_ITEM destroyed context: id = 0
[debug] LAY_ITEM created sub level lay_item: id = 2
[debug] invalidate() (no_name)
[debug] invalidate() (no_name)
[debug] invalidate() (no_name)
[debug] LAY_ITEM created top level lay_item: id = 0
[debug] LAY_ITEM created top level lay_item: id = 0
[debug] LAY_ITEM deleting lay_item: id = 0
[debug] LAY_ITEM destroyed context: id = 0
[debug] LAY_ITEM created sub level lay_item: id = 3
[debug] invalidate() (no_name)
[debug] invalidate() (no_name)
[debug] invalidate() (no_name)
[debug] invalidate() (no_name)
[debug] LAY_ITEM deleting lay_item: id = 0
[debug] LAY_ITEM destroyed context: id = 0
[debug] LAY_ITEM created sub level lay_item: id = 4
[debug] invalidate() (no_name)
[debug] invalidate() (no_name)
[debug] invalidate() (no_name)
[debug] invalidate() (no_name)
[debug] invalidate() (no_name)
[debug] LAY_ITEM deleting lay_item: id = 0
[debug] LAY_ITEM destroyed context: id = 0
[debug] LAY_ITEM created sub level lay_item: id = 5
[debug] invalidate() (no_name)
[debug] invalidate() (no_name)
[debug] invalidate() (no_name)
[debug] invalidate() (no_name)
[debug] invalidate() (no_name)
[debug] invalidate() (no_name)
[debug] LAY_ITEM deleting lay_item: id = 0
[debug] LAY_ITEM destroyed context: id = 0
[debug] LAY_ITEM created sub level lay_item: id = 6
[debug] invalidate() (no_name)
[debug] invalidate() (no_name)
[debug] invalidate() (no_name)
[debug] invalidate() (no_name)
[debug] invalidate() (no_name)
[debug] invalidate() (no_name)
[debug] invalidate() (no_name)
[debug] LAY_ITEM deleting lay_item: id = 2
[debug] LAY_ITEM deleting lay_item: id = 3
[debug] LAY_ITEM deleting lay_item: id = 1
[debug] LAY_ITEM deleting lay_item: id = 0
[debug] LAY_ITEM destroyed context: id = 0
[debug] LAY_ITEM created sub level lay_item: id = 1
[debug] LAY_ITEM created sub level lay_item: id = 2
[debug] LAY_ITEM created sub level lay_item: id = 3
[debug] LAY_ITEM created sub level lay_item: id = 4
[debug] invalidate() (no_name)
[debug] invalidate() (no_name)
[debug] invalidate() (no_name)
[debug] invalidate() (no_name)
[debug] invalidate() (no_name)
[debug] LAY_ITEM deleting lay_item: id = 1
[debug] LAY_ITEM deleting lay_item: id = 2
[debug] LAY_ITEM deleting lay_item: id = 3
[debug] LAY_ITEM deleting lay_item: id = 4
[debug] LAY_ITEM deleting lay_item: id = 5
[debug] LAY_ITEM deleting lay_item: id = 6
[debug] LAY_ITEM deleting lay_item: id = 0
[debug] LAY_ITEM destroyed context: id = 0
[debug] LAY_ITEM created sub level lay_item: id = 1
[debug] LAY_ITEM created sub level lay_item: id = 2
[debug] LAY_ITEM created sub level lay_item: id = 3
[debug] LAY_ITEM created sub level lay_item: id = 4
[debug] LAY_ITEM created sub level lay_item: id = 5
[debug] LAY_ITEM created sub level lay_item: id = 6
[debug] LAY_ITEM created sub level lay_item: id = 7
[debug] invalidate() (no_name)
[debug] invalidate() (no_name)
[debug] invalidate() (no_name)
[debug] invalidate() (no_name)
[debug] invalidate() (no_name)
[debug] invalidate() (no_name)
[debug] invalidate() (no_name)
[debug] invalidate() (no_name)
[debug] LAY_ITEM deleting lay_item: id = 3
[debug] LAY_ITEM deleting lay_item: id = 4
[debug] LAY_ITEM deleting lay_item: id = 2
[debug] LAY_ITEM deleting lay_item: id = 1
[debug] LAY_ITEM deleting lay_item: id = 0
[debug] LAY_ITEM destroyed context: id = 0
[debug] LAY_ITEM created sub level lay_item: id = 8
[debug] LAY_ITEM created sub level lay_item: id = 9
[debug] LAY_ITEM created sub level lay_item: id = 10
[debug] LAY_ITEM created sub level lay_item: id = 11
[debug] LAY_ITEM created sub level lay_item: id = 12
[debug] invalidate() (no_name)
[debug] invalidate() (no_name)
[debug] invalidate() (no_name)
[debug] invalidate() (no_name)
[debug] invalidate() (no_name)
[debug] invalidate() (no_name)
[debug] invalidate() (no_name)
[debug] invalidate() (no_name)
[debug] invalidate() (no_name)
[debug] invalidate() (no_name)
[debug] invalidate() (no_name)
[debug] invalidate() (no_name)
[debug] invalidate() (no_name)
[debug] LAY_ITEM deleting lay_item: id = 2
[debug] LAY_ITEM deleting lay_item: id = 3
[debug] LAY_ITEM deleting lay_item: id = 4
[debug] LAY_ITEM deleting lay_item: id = 5
[debug] LAY_ITEM deleting lay_item: id = 6
[debug] LAY_ITEM deleting lay_item: id = 7
[debug] LAY_ITEM deleting lay_item: id = 1
[debug] LAY_ITEM deleting lay_item: id = 11
[debug] LAY_ITEM deleting lay_item: id = 12
[debug] LAY_ITEM deleting lay_item: id = 10
[debug] LAY_ITEM deleting lay_item: id = 9
[debug] LAY_ITEM deleting lay_item: id = 8
[debug] LAY_ITEM deleting lay_item: id = 0
[debug] LAY_ITEM destroyed context: id = 0
[debug] LAY_ITEM created sub level lay_item: id = 1
[debug] LAY_ITEM created sub level lay_item: id = 2
[debug] LAY_ITEM created sub level lay_item: id = 3
[debug] LAY_ITEM created sub level lay_item: id = 4
[debug] LAY_ITEM created sub level lay_item: id = 5
[debug] LAY_ITEM created sub level lay_item: id = 6
[debug] LAY_ITEM created sub level lay_item: id = 7
[debug] LAY_ITEM created sub level lay_item: id = 8
[debug] LAY_ITEM created sub level lay_item: id = 9
[debug] LAY_ITEM created sub level lay_item: id = 10
[debug] LAY_ITEM created sub level lay_item: id = 11
[debug] LAY_ITEM created sub level lay_item: id = 12
[debug] LAY_ITEM created sub level lay_item: id = 13
[debug] invalidate() (no_name)
[debug] invalidate() (no_name)
[debug] invalidate() (no_name)
[debug] invalidate() (no_name)
[debug] invalidate() (no_name)
[debug] invalidate() (no_name)
[debug] invalidate() (no_name)
[debug] invalidate() (no_name)
[debug] invalidate() (no_name)
[debug] invalidate() (no_name)
[debug] invalidate() (no_name)
[debug] invalidate() (no_name)
[debug] invalidate() (no_name)
[debug] invalidate() (no_name)
[debug] LAY_ITEM deleting lay_item: id = 3
[debug] LAY_ITEM deleting lay_item: id = 4
[debug] LAY_ITEM deleting lay_item: id = 5
[debug] LAY_ITEM deleting lay_item: id = 6
[debug] LAY_ITEM deleting lay_item: id = 7
[debug] LAY_ITEM deleting lay_item: id = 8
[debug] LAY_ITEM deleting lay_item: id = 2
[debug] LAY_ITEM deleting lay_item: id = 12
[debug] LAY_ITEM deleting lay_item: id = 13
[debug] LAY_ITEM deleting lay_item: id = 11
[debug] LAY_ITEM deleting lay_item: id = 10
[debug] LAY_ITEM deleting lay_item: id = 9
[debug] LAY_ITEM deleting lay_item: id = 1
[debug] LAY_ITEM deleting lay_item: id = 0
[debug] LAY_ITEM destroyed context: id = 0
[debug] LAY_ITEM created sub level lay_item: id = 6
[debug] LAY_ITEM created sub level lay_item: id = 7
[debug] LAY_ITEM created sub level lay_item: id = 8
[debug] LAY_ITEM created sub level lay_item: id = 9
[debug] LAY_ITEM created sub level lay_item: id = 10
[debug] LAY_ITEM created sub level lay_item: id = 11
[debug] LAY_ITEM created sub level lay_item: id = 12
[debug] LAY_ITEM created sub level lay_item: id = 13
[debug] LAY_ITEM created sub level lay_item: id = 14
[debug] LAY_ITEM created sub level lay_item: id = 15
[debug] LAY_ITEM created sub level lay_item: id = 16
[debug] LAY_ITEM created sub level lay_item: id = 17
[debug] LAY_ITEM created sub level lay_item: id = 18
[debug] LAY_ITEM created sub level lay_item: id = 19
[debug] invalidate() (no_name)
[debug] invalidate() (no_name)
[debug] invalidate() (no_name)
[debug] invalidate() (no_name)
[debug] invalidate() (no_name)
[debug] invalidate() (no_name)
[debug] invalidate() (no_name)
[debug] invalidate() (no_name)
[debug] invalidate() (no_name)
[debug] invalidate() (no_name)
[debug] invalidate() (no_name)
[debug] invalidate() (no_name)
[debug] invalidate() (no_name)
[debug] invalidate() (no_name)
[debug] invalidate() (no_name)
[debug] invalidate() (no_name)
[debug] invalidate() (no_name)
[debug] invalidate() (no_name)
[debug] invalidate() (no_name)
[debug] Layout lay_item failed to set contain: layout_item is null
[debug] Layout lay_item failed to set contain: layout_item is null
[debug] LAY_ITEM created top level lay_item: id = 0
[debug] Layout lay_item failed to set contain: layout_item is null
[debug] Layout lay_item failed to set contain: layout_item is null
[debug] LAY_ITEM created top level lay_item: id = 0
[debug] Layout lay_item failed to set contain: layout_item is null
[debug] Layout lay_item failed to set contain: layout_item is null
[debug] LAY_ITEM created top level lay_item: id = 0
[debug] Layout lay_item failed to set contain: layout_item is null
[debug] Layout lay_item failed to set contain: layout_item is null
[debug] LAY_ITEM created top level lay_item: id = 0
[debug] Layout lay_item failed to set contain: layout_item is null
[debug] Layout lay_item failed to set contain: layout_item is null
[debug] LAY_ITEM created top level lay_item: id = 0
[debug] textwidget set_text(Ion Drive II) resized(1,13)
[debug] Layout lay_item failed to set contain: layout_item is null
[debug] Layout lay_item failed to set contain: layout_item is null
[debug] LAY_ITEM created top level lay_item: id = 0
[debug] textwidget set_text(An advanced propulsion system that uses ionized particles to generate high-speed, low-thrust acceleration, with improved efficiency and performance.) resized(1,149)
[debug] Layout lay_item failed to set contain: layout_item is null
[debug] Layout lay_item failed to set contain: layout_item is null
[debug] LAY_ITEM created top level lay_item: id = 0
[debug] textwidget set_text(speed: 30) resized(1,10)
[debug] Layout lay_item failed to set contain: layout_item is null
[debug] Layout lay_item failed to set contain: layout_item is null
[debug] LAY_ITEM created top level lay_item: id = 0
[debug] Layout lay_item failed to set contain: layout_item is null
[debug] Layout lay_item failed to set contain: layout_item is null
[debug] LAY_ITEM created top level lay_item: id = 0
[debug] Layout lay_item failed to set contain: layout_item is null
[debug] Layout lay_item failed to set contain: layout_item is null
[debug] LAY_ITEM created top level lay_item: id = 0
[debug] textwidget set_text(crew: 8) resized(1,8)
[debug] LAY_ITEM deleting lay_item: id = 0
[debug] LAY_ITEM destroyed context: id = 0
[debug] LAY_ITEM created sub level lay_item: id = 1
[debug] invalidate() (no_name)
[debug] invalidate() (no_name)
[debug] Layout lay_item failed to set contain: layout_item is null
[debug] Layout lay_item failed to set contain: layout_item is null
[debug] LAY_ITEM created top level lay_item: id = 0
[debug] textwidget set_text(speed: 6) resized(1,9)
[debug] LAY_ITEM deleting lay_item: id = 0
[debug] LAY_ITEM destroyed context: id = 0
[debug] LAY_ITEM created sub level lay_item: id = 2
[debug] invalidate() (no_name)
[debug] invalidate() (no_name)
[debug] invalidate() (no_name)
[debug] LAY_ITEM deleting lay_item: id = 1
[debug] LAY_ITEM deleting lay_item: id = 2
[debug] LAY_ITEM deleting lay_item: id = 0
[debug] LAY_ITEM destroyed context: id = 0
[debug] LAY_ITEM created sub level lay_item: id = 1
[debug] LAY_ITEM created sub level lay_item: id = 2
[debug] LAY_ITEM created sub level lay_item: id = 3
[debug] invalidate() (no_name)
[debug] invalidate() (no_name)
[debug] invalidate() (no_name)
[debug] invalidate() (no_name)
[debug] LAY_ITEM deleting lay_item: id = 0
[debug] LAY_ITEM destroyed context: id = 0
[debug] LAY_ITEM created sub level lay_item: id = 1
[debug] invalidate() (no_name)
[debug] invalidate() (no_name)
[debug] LAY_ITEM deleting lay_item: id = 0
[debug] LAY_ITEM destroyed context: id = 0
[debug] LAY_ITEM created sub level lay_item: id = 2
[debug] invalidate() (no_name)
[debug] invalidate() (no_name)
[debug] invalidate() (no_name)
[debug] LAY_ITEM deleting lay_item: id = 0
[debug] LAY_ITEM destroyed context: id = 0
[debug] LAY_ITEM created sub level lay_item: id = 3
[debug] invalidate() (no_name)
[debug] invalidate() (no_name)
[debug] invalidate() (no_name)
[debug] invalidate() (no_name)
[debug] LAY_ITEM deleting lay_item: id = 2
[debug] LAY_ITEM deleting lay_item: id = 3
[debug] LAY_ITEM deleting lay_item: id = 1
[debug] LAY_ITEM deleting lay_item: id = 0
[debug] LAY_ITEM destroyed context: id = 0
[debug] LAY_ITEM created sub level lay_item: id = 1
[debug] LAY_ITEM created sub level lay_item: id = 2
[debug] LAY_ITEM created sub level lay_item: id = 3
[debug] LAY_ITEM created sub level lay_item: id = 4
[debug] invalidate() (no_name)
[debug] invalidate() (no_name)
[debug] invalidate() (no_name)
[debug] invalidate() (no_name)
[debug] invalidate() (no_name)
[debug] LAY_ITEM deleting lay_item: id = 1
[debug] LAY_ITEM deleting lay_item: id = 2
[debug] LAY_ITEM deleting lay_item: id = 3
[debug] LAY_ITEM deleting lay_item: id = 0
[debug] LAY_ITEM destroyed context: id = 0
[debug] LAY_ITEM created sub level lay_item: id = 1
[debug] LAY_ITEM created sub level lay_item: id = 2
[debug] LAY_ITEM created sub level lay_item: id = 3
[debug] LAY_ITEM created sub level lay_item: id = 4
[debug] invalidate() (no_name)
[debug] invalidate() (no_name)
[debug] invalidate() (no_name)
[debug] invalidate() (no_name)
[debug] invalidate() (no_name)
[debug] LAY_ITEM deleting lay_item: id = 3
[debug] LAY_ITEM deleting lay_item: id = 4
[debug] LAY_ITEM deleting lay_item: id = 2
[debug] LAY_ITEM deleting lay_item: id = 1
[debug] LAY_ITEM deleting lay_item: id = 0
[debug] LAY_ITEM destroyed context: id = 0
[debug] LAY_ITEM created sub level lay_item: id = 5
[debug] LAY_ITEM created sub level lay_item: id = 6
[debug] LAY_ITEM created sub level lay_item: id = 7
[debug] LAY_ITEM created sub level lay_item: id = 8
[debug] LAY_ITEM created sub level lay_item: id = 9
[debug] invalidate() (no_name)
[debug] invalidate() (no_name)
[debug] invalidate() (no_name)
[debug] invalidate() (no_name)
[debug] invalidate() (no_name)
[debug] invalidate() (no_name)
[debug] invalidate() (no_name)
[debug] invalidate() (no_name)
[debug] invalidate() (no_name)
[debug] invalidate() (no_name)
[debug] LAY_ITEM deleting lay_item: id = 2
[debug] LAY_ITEM deleting lay_item: id = 3
[debug] LAY_ITEM deleting lay_item: id = 4
[debug] LAY_ITEM deleting lay_item: id = 1
[debug] LAY_ITEM deleting lay_item: id = 8
[debug] LAY_ITEM deleting lay_item: id = 9
[debug] LAY_ITEM deleting lay_item: id = 7
[debug] LAY_ITEM deleting lay_item: id = 6
[debug] LAY_ITEM deleting lay_item: id = 5
[debug] LAY_ITEM deleting lay_item: id = 0
[debug] LAY_ITEM destroyed context: id = 0
[debug] LAY_ITEM created sub level lay_item: id = 1
[debug] LAY_ITEM created sub level lay_item: id = 2
[debug] LAY_ITEM created sub level lay_item: id = 3
[debug] LAY_ITEM created sub level lay_item: id = 4
[debug] LAY_ITEM created sub level lay_item: id = 5
[debug] LAY_ITEM created sub level lay_item: id = 6
[debug] LAY_ITEM created sub level lay_item: id = 7
[debug] LAY_ITEM created sub level lay_item: id = 8
[debug] LAY_ITEM created sub level lay_item: id = 9
[debug] LAY_ITEM created sub level lay_item: id = 10
[debug] invalidate() (no_name)
[debug] invalidate() (no_name)
[debug] invalidate() (no_name)
[debug] invalidate() (no_name)
[debug] invalidate() (no_name)
[debug] invalidate() (no_name)
[debug] invalidate() (no_name)
[debug] invalidate() (no_name)
[debug] invalidate() (no_name)
[debug] invalidate() (no_name)
[debug] invalidate() (no_name)
[debug] LAY_ITEM deleting lay_item: id = 3
[debug] LAY_ITEM deleting lay_item: id = 4
[debug] LAY_ITEM deleting lay_item: id = 5
[debug] LAY_ITEM deleting lay_item: id = 2
[debug] LAY_ITEM deleting lay_item: id = 9
[debug] LAY_ITEM deleting lay_item: id = 10
[debug] LAY_ITEM deleting lay_item: id = 8
[debug] LAY_ITEM deleting lay_item: id = 7
[debug] LAY_ITEM deleting lay_item: id = 6
[debug] LAY_ITEM deleting lay_item: id = 1
[debug] LAY_ITEM deleting lay_item: id = 0
[debug] LAY_ITEM destroyed context: id = 0
[debug] LAY_ITEM created sub level lay_item: id = 20
[debug] LAY_ITEM created sub level lay_item: id = 21
[debug] LAY_ITEM created sub level lay_item: id = 22
[debug] LAY_ITEM created sub level lay_item: id = 23
[debug] LAY_ITEM created sub level lay_item: id = 24
[debug] LAY_ITEM created sub level lay_item: id = 25
[debug] LAY_ITEM created sub level lay_item: id = 26
[debug] LAY_ITEM created sub level lay_item: id = 27
[debug] LAY_ITEM created sub level lay_item: id = 28
[debug] LAY_ITEM created sub level lay_item: id = 29
[debug] LAY_ITEM created sub level lay_item: id = 30
[debug] invalidate() (no_name)
[debug] invalidate() (no_name)
[debug] invalidate() (no_name)
[debug] invalidate() (no_name)
[debug] invalidate() (no_name)
[debug] invalidate() (no_name)
[debug] invalidate() (no_name)
[debug] invalidate() (no_name)
[debug] invalidate() (no_name)
[debug] invalidate() (no_name)
[debug] invalidate() (no_name)
[debug] invalidate() (no_name)
[debug] invalidate() (no_name)
[debug] invalidate() (no_name)
[debug] invalidate() (no_name)
[debug] invalidate() (no_name)
[debug] invalidate() (no_name)
[debug] invalidate() (no_name)
[debug] invalidate() (no_name)
[debug] invalidate() (no_name)
[debug] invalidate() (no_name)
[debug] invalidate() (no_name)
[debug] invalidate() (no_name)
[debug] invalidate() (no_name)
[debug] invalidate() (no_name)
[debug] invalidate() (no_name)
[debug] invalidate() (no_name)
[debug] invalidate() (no_name)
[debug] invalidate() (no_name)
[debug] invalidate() (no_name)
[debug] Layout lay_item failed to set contain: layout_item is null
[debug] Layout lay_item failed to set contain: layout_item is null
[debug] LAY_ITEM created top level lay_item: id = 0
[debug] Layout lay_item failed to set contain: layout_item is null
[debug] Layout lay_item failed to set contain: layout_item is null
[debug] LAY_ITEM created top level lay_item: id = 0
[debug] Layout lay_item failed to set contain: layout_item is null
[debug] Layout lay_item failed to set contain: layout_item is null
[debug] LAY_ITEM created top level lay_item: id = 0
[debug] Layout lay_item failed to set contain: layout_item is null
[debug] Layout lay_item failed to set contain: layout_item is null
[debug] LAY_ITEM created top level lay_item: id = 0
[debug] Layout lay_item failed to set contain: layout_item is null
[debug] Layout lay_item failed to set contain: layout_item is null
[debug] LAY_ITEM created top level lay_item: id = 0
[debug] textwidget set_text(Fission Reactor I) resized(1,18)
[debug] Layout lay_item failed to set contain: layout_item is null
[debug] Layout lay_item failed to set contain: layout_item is null
[debug] LAY_ITEM created top level lay_item: id = 0
[debug] textwidget set_text(A basic fission power reactor, used to generate electricity from nuclear fission reactions.) resized(1,92)
[debug] Layout lay_item failed to set contain: layout_item is null
[debug] Layout lay_item failed to set contain: layout_item is null
[debug] LAY_ITEM created top level lay_item: id = 0
[debug] textwidget set_text(condition: 100) resized(1,15)
[debug] Layout lay_item failed to set contain: layout_item is null
[debug] Layout lay_item failed to set contain: layout_item is null
[debug] LAY_ITEM created top level lay_item: id = 0
[debug] textwidget set_text(power output: 31) resized(1,17)
[debug] Layout lay_item failed to set contain: layout_item is null
[debug] Layout lay_item failed to set contain: layout_item is null
[debug] LAY_ITEM created top level lay_item: id = 0
[debug] Layout lay_item failed to set contain: layout_item is null
[debug] Layout lay_item failed to set contain: layout_item is null
[debug] LAY_ITEM created top level lay_item: id = 0
[debug] Layout lay_item failed to set contain: layout_item is null
[debug] Layout lay_item failed to set contain: layout_item is null
[debug] LAY_ITEM created top level lay_item: id = 0
[debug] textwidget set_text(crew: 8) resized(1,8)
[debug] LAY_ITEM deleting lay_item: id = 0
[debug] LAY_ITEM destroyed context: id = 0
[debug] LAY_ITEM created sub level lay_item: id = 1
[debug] invalidate() (no_name)
[debug] invalidate() (no_name)
[debug] LAY_ITEM deleting lay_item: id = 1
[debug] LAY_ITEM deleting lay_item: id = 0
[debug] LAY_ITEM destroyed context: id = 0
[debug] LAY_ITEM created sub level lay_item: id = 1
[debug] LAY_ITEM created sub level lay_item: id = 2
[debug] invalidate() (no_name)
[debug] invalidate() (no_name)
[debug] invalidate() (no_name)
[debug] LAY_ITEM deleting lay_item: id = 0
[debug] LAY_ITEM destroyed context: id = 0
[debug] LAY_ITEM created sub level lay_item: id = 1
[debug] invalidate() (no_name)
[debug] invalidate() (no_name)
[debug] LAY_ITEM deleting lay_item: id = 0
[debug] LAY_ITEM destroyed context: id = 0
[debug] LAY_ITEM created sub level lay_item: id = 2
[debug] invalidate() (no_name)
[debug] invalidate() (no_name)
[debug] invalidate() (no_name)
[debug] LAY_ITEM deleting lay_item: id = 0
[debug] LAY_ITEM destroyed context: id = 0
[debug] LAY_ITEM created sub level lay_item: id = 3
[debug] invalidate() (no_name)
[debug] invalidate() (no_name)
[debug] invalidate() (no_name)
[debug] invalidate() (no_name)
[debug] LAY_ITEM deleting lay_item: id = 0
[debug] LAY_ITEM destroyed context: id = 0
[debug] LAY_ITEM created sub level lay_item: id = 4
[debug] invalidate() (no_name)
[debug] invalidate() (no_name)
[debug] invalidate() (no_name)
[debug] invalidate() (no_name)
[debug] invalidate() (no_name)
[debug] LAY_ITEM deleting lay_item: id = 2
[debug] LAY_ITEM deleting lay_item: id = 1
[debug] LAY_ITEM deleting lay_item: id = 0
[debug] LAY_ITEM destroyed context: id = 0
[debug] LAY_ITEM created sub level lay_item: id = 1
[debug] LAY_ITEM created sub level lay_item: id = 2
[debug] LAY_ITEM created sub level lay_item: id = 3
[debug] invalidate() (no_name)
[debug] invalidate() (no_name)
[debug] invalidate() (no_name)
[debug] invalidate() (no_name)
[debug] LAY_ITEM deleting lay_item: id = 1
[debug] LAY_ITEM deleting lay_item: id = 2
[debug] LAY_ITEM deleting lay_item: id = 3
[debug] LAY_ITEM deleting lay_item: id = 4
[debug] LAY_ITEM deleting lay_item: id = 0
[debug] LAY_ITEM destroyed context: id = 0
[debug] LAY_ITEM created sub level lay_item: id = 1
[debug] LAY_ITEM created sub level lay_item: id = 2
[debug] LAY_ITEM created sub level lay_item: id = 3
[debug] LAY_ITEM created sub level lay_item: id = 4
[debug] LAY_ITEM created sub level lay_item: id = 5
[debug] invalidate() (no_name)
[debug] invalidate() (no_name)
[debug] invalidate() (no_name)
[debug] invalidate() (no_name)
[debug] invalidate() (no_name)
[debug] invalidate() (no_name)
[debug] LAY_ITEM deleting lay_item: id = 3
[debug] LAY_ITEM deleting lay_item: id = 2
[debug] LAY_ITEM deleting lay_item: id = 1
[debug] LAY_ITEM deleting lay_item: id = 0
[debug] LAY_ITEM destroyed context: id = 0
[debug] LAY_ITEM created sub level lay_item: id = 6
[debug] LAY_ITEM created sub level lay_item: id = 7
[debug] LAY_ITEM created sub level lay_item: id = 8
[debug] LAY_ITEM created sub level lay_item: id = 9
[debug] invalidate() (no_name)
[debug] invalidate() (no_name)
[debug] invalidate() (no_name)
[debug] invalidate() (no_name)
[debug] invalidate() (no_name)
[debug] invalidate() (no_name)
[debug] invalidate() (no_name)
[debug] invalidate() (no_name)
[debug] invalidate() (no_name)
[debug] invalidate() (no_name)
[debug] LAY_ITEM deleting lay_item: id = 2
[debug] LAY_ITEM deleting lay_item: id = 3
[debug] LAY_ITEM deleting lay_item: id = 4
[debug] LAY_ITEM deleting lay_item: id = 5
[debug] LAY_ITEM deleting lay_item: id = 1
[debug] LAY_ITEM deleting lay_item: id = 9
[debug] LAY_ITEM deleting lay_item: id = 8
[debug] LAY_ITEM deleting lay_item: id = 7
[debug] LAY_ITEM deleting lay_item: id = 6
[debug] LAY_ITEM deleting lay_item: id = 0
[debug] LAY_ITEM destroyed context: id = 0
[debug] LAY_ITEM created sub level lay_item: id = 1
[debug] LAY_ITEM created sub level lay_item: id = 2
[debug] LAY_ITEM created sub level lay_item: id = 3
[debug] LAY_ITEM created sub level lay_item: id = 4
[debug] LAY_ITEM created sub level lay_item: id = 5
[debug] LAY_ITEM created sub level lay_item: id = 6
[debug] LAY_ITEM created sub level lay_item: id = 7
[debug] LAY_ITEM created sub level lay_item: id = 8
[debug] LAY_ITEM created sub level lay_item: id = 9
[debug] LAY_ITEM created sub level lay_item: id = 10
[debug] invalidate() (no_name)
[debug] invalidate() (no_name)
[debug] invalidate() (no_name)
[debug] invalidate() (no_name)
[debug] invalidate() (no_name)
[debug] invalidate() (no_name)
[debug] invalidate() (no_name)
[debug] invalidate() (no_name)
[debug] invalidate() (no_name)
[debug] invalidate() (no_name)
[debug] invalidate() (no_name)
[debug] LAY_ITEM deleting lay_item: id = 3
[debug] LAY_ITEM deleting lay_item: id = 4
[debug] LAY_ITEM deleting lay_item: id = 5
[debug] LAY_ITEM deleting lay_item: id = 6
[debug] LAY_ITEM deleting lay_item: id = 2
[debug] LAY_ITEM deleting lay_item: id = 10
[debug] LAY_ITEM deleting lay_item: id = 9
[debug] LAY_ITEM deleting lay_item: id = 8
[debug] LAY_ITEM deleting lay_item: id = 7
[debug] LAY_ITEM deleting lay_item: id = 1
[debug] LAY_ITEM deleting lay_item: id = 0
[debug] LAY_ITEM destroyed context: id = 0
[debug] LAY_ITEM created sub level lay_item: id = 31
[debug] LAY_ITEM created sub level lay_item: id = 32
[debug] LAY_ITEM created sub level lay_item: id = 33
[debug] LAY_ITEM created sub level lay_item: id = 34
[debug] LAY_ITEM created sub level lay_item: id = 35
[debug] LAY_ITEM created sub level lay_item: id = 36
[debug] LAY_ITEM created sub level lay_item: id = 37
[debug] LAY_ITEM created sub level lay_item: id = 38
[debug] LAY_ITEM created sub level lay_item: id = 39
[debug] LAY_ITEM created sub level lay_item: id = 40
[debug] LAY_ITEM created sub level lay_item: id = 41
[debug] invalidate() (no_name)
[debug] invalidate() (no_name)
[debug] invalidate() (no_name)
[debug] invalidate() (no_name)
[debug] invalidate() (no_name)
[debug] invalidate() (no_name)
[debug] invalidate() (no_name)
[debug] invalidate() (no_name)
[debug] invalidate() (no_name)
[debug] invalidate() (no_name)
[debug] invalidate() (no_name)
[debug] invalidate() (no_name)
[debug] invalidate() (no_name)
[debug] invalidate() (no_name)
[debug] invalidate() (no_name)
[debug] invalidate() (no_name)
[debug] invalidate() (no_name)
[debug] invalidate() (no_name)
[debug] invalidate() (no_name)
[debug] invalidate() (no_name)
[debug] invalidate() (no_name)
[debug] invalidate() (no_name)
[debug] invalidate() (no_name)
[debug] invalidate() (no_name)
[debug] invalidate() (no_name)
[debug] invalidate() (no_name)
[debug] invalidate() (no_name)
[debug] invalidate() (no_name)
[debug] invalidate() (no_name)
[debug] invalidate() (no_name)
[debug] invalidate() (no_name)
[debug] invalidate() (no_name)
[debug] invalidate() (no_name)
[debug] invalidate() (no_name)
[debug] invalidate() (no_name)
[debug] invalidate() (no_name)
[debug] invalidate() (no_name)
[debug] invalidate() (no_name)
[debug] invalidate() (no_name)
[debug] invalidate() (no_name)
[debug] invalidate() (no_name)
[debug] LAY_ITEM created top level lay_item: id = 0
[debug] LAY_ITEM deleting lay_item: id = 0
[debug] LAY_ITEM destroyed context: id = 0
[debug] LAY_ITEM created sub level lay_item: id = 42
[debug] invalidate() (no_name)
[debug] invalidate() (no_name)
[debug] invalidate() (no_name)
[debug] invalidate() (no_name)
[debug] invalidate() (no_name)
[debug] invalidate() (no_name)
[debug] invalidate() (no_name)
[debug] invalidate() (no_name)
[debug] invalidate() (no_name)
[debug] invalidate() (no_name)
[debug] invalidate() (no_name)
[debug] invalidate() (no_name)
[debug] invalidate() (no_name)
[debug] invalidate() (no_name)
[debug] invalidate() (no_name)
[debug] invalidate() (no_name)
[debug] invalidate() (no_name)
[debug] invalidate() (no_name)
[debug] invalidate() (no_name)
[debug] invalidate() (no_name)
[debug] invalidate() (no_name)
[debug] invalidate() (no_name)
[debug] invalidate() (no_name)
[debug] invalidate() (no_name)
[debug] invalidate() (no_name)
[debug] invalidate() (no_name)
[debug] invalidate() (no_name)
[debug] invalidate() (no_name)
[debug] invalidate() (no_name)
[debug] invalidate() (no_name)
[debug] invalidate() (no_name)
[debug] invalidate() (no_name)
[debug] invalidate() (no_name)
[debug] invalidate() (no_name)
[debug] invalidate() (no_name)
[debug] invalidate() (no_name)
[debug] invalidate() (no_name)
[debug] invalidate() (no_name)
[debug] invalidate() (no_name)
[debug] invalidate() (no_name)
[debug] invalidate() (no_name)
[debug] invalidate() (no_name)
[debug] listwidget resized(6,40)
[debug] listwidget resized(6,40)
[debug] {"accepted":true,"deadlineToAccept":"2024-01-19T20:33:50.277Z","expiration":"2024-01-19T20:33:50.277Z","factionSymbol":"COSMIC","fulfilled":false,"id":"clrjo6a58khk4s60clgpopvk7","terms":{"deadline":"2024-01-25T20:33:50.277Z","deliver":[{"destinationSymbol":"X1-KY62-H52","tradeSymbol":"ALUMINUM_ORE","unitsFulfilled":0,"unitsRequired":77}],"payment":{"onAccepted":2903,"onFulfilled":16524}},"type":"PROCUREMENT"}
[debug] selected contract! clrjo6a58khk4s60clgpopvk7
[debug] listwidget resized(6,40)
[debug] redraw (no_name)
[debug] redraw My Agent
[debug] redraw My Ships
[debug] redraw (no_name)
[debug] textwidget draw(FATHORSENIPS-1) plane_dim_yx(1,15) align=32, x=0
[debug] redraw (no_name)
[debug] textwidget draw(COMMAND) plane_dim_yx(1,8) align=128, x=1
[debug] redraw (no_name)
[debug] textwidget draw(COSMIC) plane_dim_yx(1,7) align=0, x=0
[debug] redraw (no_name)
[debug] textwidget draw(Frigate) plane_dim_yx(1,8) align=0, x=1
[debug] textwidget draw(A medium-sized, multi-purpose spacecraft, often used for combat, transport, or support operations.) plane_dim_yx(1,99) align=32, x=0
[debug] textwidget draw(condition: 100) plane_dim_yx(1,15) align=0, x=0
[debug] textwidget draw(fuel capacity: 400) plane_dim_yx(1,19) align=0, x=0
[debug] textwidget draw(module slots: 8) plane_dim_yx(1,16) align=0, x=1
[debug] textwidget draw(crew: 25) plane_dim_yx(1,9) align=0, x=0
[debug] textwidget draw(speed: 8) plane_dim_yx(1,9) align=0, x=0
[debug] redraw (no_name)
[debug] textwidget draw(Frigate) plane_dim_yx(1,8) align=0, x=1
[debug] textwidget draw(A medium-sized, multi-purpose spacecraft, often used for combat, transport, or support operations.) plane_dim_yx(1,99) align=32, x=0
[debug] textwidget draw(condition: 100) plane_dim_yx(1,15) align=0, x=0
[debug] textwidget draw(fuel capacity: 400) plane_dim_yx(1,19) align=0, x=0
[debug] textwidget draw(module slots: 8) plane_dim_yx(1,16) align=0, x=1
[debug] textwidget draw(crew: 25) plane_dim_yx(1,9) align=0, x=0
[debug] textwidget draw(speed: 8) plane_dim_yx(1,9) align=0, x=0
[debug] redraw (no_name)
[debug] textwidget draw(Frigate) plane_dim_yx(1,8) align=0, x=1
[debug] textwidget draw(A medium-sized, multi-purpose spacecraft, often used for combat, transport, or support operations.) plane_dim_yx(1,99) align=32, x=0
[debug] textwidget draw(condition: 100) plane_dim_yx(1,15) align=0, x=0
[debug] textwidget draw(fuel capacity: 400) plane_dim_yx(1,19) align=0, x=0
[debug] textwidget draw(module slots: 8) plane_dim_yx(1,16) align=0, x=1
[debug] redraw (no_name)
[debug] textwidget draw(crew: 25) plane_dim_yx(1,9) align=0, x=0
[debug] textwidget draw(speed: 8) plane_dim_yx(1,9) align=0, x=0
[debug] redraw (no_name)
[debug] textwidget draw(Frigate) plane_dim_yx(1,8) align=0, x=1
[debug] redraw (no_name)
[debug] textwidget draw(A medium-sized, multi-purpose spacecraft, often used for combat, transport, or support operations.) plane_dim_yx(1,99) align=32, x=0
[debug] redraw (no_name)
[debug] textwidget draw(condition: 100) plane_dim_yx(1,15) align=0, x=0
[debug] redraw (no_name)
[debug] textwidget draw(fuel capacity: 400) plane_dim_yx(1,19) align=0, x=0
[debug] redraw (no_name)
[debug] textwidget draw(module slots: 8) plane_dim_yx(1,16) align=0, x=1
[debug] redraw (no_name)
[debug] textwidget draw(crew: 25) plane_dim_yx(1,9) align=0, x=0
[debug] textwidget draw(speed: 8) plane_dim_yx(1,9) align=0, x=0
[debug] redraw (no_name)
[debug] textwidget draw(crew: 25) plane_dim_yx(1,9) align=0, x=0
[debug] textwidget draw(speed: 8) plane_dim_yx(1,9) align=0, x=0
[debug] redraw (no_name)
[debug] textwidget draw(crew: 25) plane_dim_yx(1,9) align=0, x=0
[debug] redraw (no_name)
[debug] textwidget draw(speed: 8) plane_dim_yx(1,9) align=0, x=0
[debug] redraw (no_name)
[debug] redraw (no_name)
[debug] redraw (no_name)
[debug] textwidget draw(FATHORSENIPS-1) plane_dim_yx(1,15) align=32, x=0
[debug] textwidget draw(COSMIC) plane_dim_yx(1,7) align=0, x=0
[debug] textwidget draw(COMMAND) plane_dim_yx(1,8) align=128, x=1
[debug] redraw (no_name)
[debug] textwidget draw(FATHORSENIPS-1) plane_dim_yx(1,15) align=32, x=0
[debug] textwidget draw(COSMIC) plane_dim_yx(1,7) align=0, x=0
[debug] textwidget draw(COMMAND) plane_dim_yx(1,8) align=128, x=1
[debug] textwidget draw(Frigate) plane_dim_yx(1,8) align=0, x=1
[debug] textwidget draw(A medium-sized, multi-purpose spacecraft, often used for combat, transport, or support operations.) plane_dim_yx(1,99) align=32, x=0
[debug] textwidget draw(condition: 100) plane_dim_yx(1,15) align=0, x=0
[debug] textwidget draw(fuel capacity: 400) plane_dim_yx(1,19) align=0, x=0
[debug] textwidget draw(module slots: 8) plane_dim_yx(1,16) align=0, x=1
[debug] textwidget draw(crew: 25) plane_dim_yx(1,9) align=0, x=0
[debug] textwidget draw(speed: 8) plane_dim_yx(1,9) align=0, x=0
[debug] textwidget draw(Ion Drive II) plane_dim_yx(1,13) align=0, x=0
[debug] textwidget draw(An advanced propulsion system that uses ionized particles to generate high-speed, low-thrust acceleration, with improved efficiency and performance.) plane_dim_yx(1,149) align=32, x=0
[debug] textwidget draw(speed: 30) plane_dim_yx(1,10) align=0, x=1
[debug] textwidget draw(crew: 8) plane_dim_yx(1,8) align=0, x=1
[debug] textwidget draw(speed: 6) plane_dim_yx(1,9) align=0, x=0
[debug] textwidget draw(Fission Reactor I) plane_dim_yx(1,18) align=0, x=1
[debug] textwidget draw(A basic fission power reactor, used to generate electricity from nuclear fission reactions.) plane_dim_yx(1,92) align=32, x=0
[debug] textwidget draw(condition: 100) plane_dim_yx(1,15) align=0, x=0
[debug] textwidget draw(power output: 31) plane_dim_yx(1,17) align=0, x=0
[debug] textwidget draw(crew: 8) plane_dim_yx(1,8) align=0, x=1
[debug] redraw (no_name)
[debug] textwidget draw(Ion Drive II) plane_dim_yx(1,13) align=0, x=0
[debug] textwidget draw(An advanced propulsion system that uses ionized particles to generate high-speed, low-thrust acceleration, with improved efficiency and performance.) plane_dim_yx(1,149) align=32, x=0
[debug] textwidget draw(speed: 30) plane_dim_yx(1,10) align=0, x=1
[debug] textwidget draw(crew: 8) plane_dim_yx(1,8) align=0, x=1
[debug] textwidget draw(speed: 6) plane_dim_yx(1,9) align=0, x=0
[debug] redraw (no_name)
[debug] textwidget draw(Ion Drive II) plane_dim_yx(1,13) align=0, x=0
[debug] textwidget draw(An advanced propulsion system that uses ionized particles to generate high-speed, low-thrust acceleration, with improved efficiency and performance.) plane_dim_yx(1,149) align=32, x=0
[debug] textwidget draw(speed: 30) plane_dim_yx(1,10) align=0, x=1
[debug] textwidget draw(crew: 8) plane_dim_yx(1,8) align=0, x=1
[debug] textwidget draw(speed: 6) plane_dim_yx(1,9) align=0, x=0
[debug] redraw (no_name)
[debug] textwidget draw(Ion Drive II) plane_dim_yx(1,13) align=0, x=0
[debug] textwidget draw(An advanced propulsion system that uses ionized particles to generate high-speed, low-thrust acceleration, with improved efficiency and performance.) plane_dim_yx(1,149) align=32, x=0
[debug] textwidget draw(speed: 30) plane_dim_yx(1,10) align=0, x=1
[debug] redraw (no_name)
[debug] textwidget draw(crew: 8) plane_dim_yx(1,8) align=0, x=1
[debug] textwidget draw(speed: 6) plane_dim_yx(1,9) align=0, x=0
[debug] redraw (no_name)
[debug] textwidget draw(Ion Drive II) plane_dim_yx(1,13) align=0, x=0
[debug] redraw (no_name)
[debug] textwidget draw(An advanced propulsion system that uses ionized particles to generate high-speed, low-thrust acceleration, with improved efficiency and performance.) plane_dim_yx(1,149) align=32, x=0
[debug] redraw (no_name)
[debug] textwidget draw(speed: 30) plane_dim_yx(1,10) align=0, x=1
[debug] redraw (no_name)
[debug] textwidget draw(crew: 8) plane_dim_yx(1,8) align=0, x=1
[debug] textwidget draw(speed: 6) plane_dim_yx(1,9) align=0, x=0
[debug] redraw (no_name)
[debug] textwidget draw(crew: 8) plane_dim_yx(1,8) align=0, x=1
[debug] textwidget draw(speed: 6) plane_dim_yx(1,9) align=0, x=0
[debug] redraw (no_name)
[debug] textwidget draw(crew: 8) plane_dim_yx(1,8) align=0, x=1
[debug] redraw (no_name)
[debug] textwidget draw(speed: 6) plane_dim_yx(1,9) align=0, x=0
[debug] redraw (no_name)
[debug] textwidget draw(Fission Reactor I) plane_dim_yx(1,18) align=0, x=1
[debug] textwidget draw(A basic fission power reactor, used to generate electricity from nuclear fission reactions.) plane_dim_yx(1,92) align=32, x=0
[debug] textwidget draw(condition: 100) plane_dim_yx(1,15) align=0, x=0
[debug] textwidget draw(power output: 31) plane_dim_yx(1,17) align=0, x=0
[debug] textwidget draw(crew: 8) plane_dim_yx(1,8) align=0, x=1
[debug] redraw (no_name)
[debug] textwidget draw(Fission Reactor I) plane_dim_yx(1,18) align=0, x=1
[debug] textwidget draw(A basic fission power reactor, used to generate electricity from nuclear fission reactions.) plane_dim_yx(1,92) align=32, x=0
[debug] textwidget draw(condition: 100) plane_dim_yx(1,15) align=0, x=0
[debug] textwidget draw(power output: 31) plane_dim_yx(1,17) align=0, x=0
[debug] textwidget draw(crew: 8) plane_dim_yx(1,8) align=0, x=1
[debug] redraw (no_name)
[debug] textwidget draw(Fission Reactor I) plane_dim_yx(1,18) align=0, x=1
[debug] textwidget draw(A basic fission power reactor, used to generate electricity from nuclear fission reactions.) plane_dim_yx(1,92) align=32, x=0
[debug] textwidget draw(condition: 100) plane_dim_yx(1,15) align=0, x=0
[debug] textwidget draw(power output: 31) plane_dim_yx(1,17) align=0, x=0
[debug] redraw (no_name)
[debug] textwidget draw(crew: 8) plane_dim_yx(1,8) align=0, x=1
[debug] redraw (no_name)
[debug] textwidget draw(Fission Reactor I) plane_dim_yx(1,18) align=0, x=1
[debug] redraw (no_name)
[debug] textwidget draw(A basic fission power reactor, used to generate electricity from nuclear fission reactions.) plane_dim_yx(1,92) align=32, x=0
[debug] redraw (no_name)
[debug] textwidget draw(condition: 100) plane_dim_yx(1,15) align=0, x=0
[debug] redraw (no_name)
[debug] textwidget draw(power output: 31) plane_dim_yx(1,17) align=0, x=0
[debug] redraw (no_name)
[debug] textwidget draw(crew: 8) plane_dim_yx(1,8) align=0, x=1
[debug] redraw (no_name)
[debug] textwidget draw(crew: 8) plane_dim_yx(1,8) align=0, x=1
[debug] redraw (no_name)
[debug] textwidget draw(crew: 8) plane_dim_yx(1,8) align=0, x=1
[debug] redraw (no_name)
[debug] redraw (no_name)
[debug] textwidget draw(FATHORSENIPS-1) plane_dim_yx(1,15) align=32, x=0
[debug] textwidget draw(COSMIC) plane_dim_yx(1,7) align=0, x=0
[debug] textwidget draw(COMMAND) plane_dim_yx(1,8) align=128, x=1
[debug] textwidget draw(Frigate) plane_dim_yx(1,8) align=0, x=1
[debug] textwidget draw(A medium-sized, multi-purpose spacecraft, often used for combat, transport, or support operations.) plane_dim_yx(1,99) align=32, x=0
[debug] textwidget draw(condition: 100) plane_dim_yx(1,15) align=0, x=0
[debug] textwidget draw(fuel capacity: 400) plane_dim_yx(1,19) align=0, x=0
[debug] textwidget draw(module slots: 8) plane_dim_yx(1,16) align=0, x=1
[debug] textwidget draw(crew: 25) plane_dim_yx(1,9) align=0, x=0
[debug] textwidget draw(speed: 8) plane_dim_yx(1,9) align=0, x=0
[debug] textwidget draw(Ion Drive II) plane_dim_yx(1,13) align=0, x=0
[debug] textwidget draw(An advanced propulsion system that uses ionized particles to generate high-speed, low-thrust acceleration, with improved efficiency and performance.) plane_dim_yx(1,149) align=32, x=0
[debug] textwidget draw(speed: 30) plane_dim_yx(1,10) align=0, x=1
[debug] textwidget draw(crew: 8) plane_dim_yx(1,8) align=0, x=1
[debug] textwidget draw(speed: 6) plane_dim_yx(1,9) align=0, x=0
[debug] textwidget draw(Fission Reactor I) plane_dim_yx(1,18) align=0, x=1
[debug] textwidget draw(A basic fission power reactor, used to generate electricity from nuclear fission reactions.) plane_dim_yx(1,92) align=32, x=0
[debug] textwidget draw(condition: 100) plane_dim_yx(1,15) align=0, x=0
[debug] textwidget draw(power output: 31) plane_dim_yx(1,17) align=0, x=0
[debug] textwidget draw(crew: 8) plane_dim_yx(1,8) align=0, x=1
[debug] redraw Contracts
[debug] redraw (no_name)
